2025-12-16T20:49:22.069Z [INFO]: POST /ingredientes - Datos recibidos: {"nombre":"Harina","costoUnitario":1200.75,"cantidadTotal":30}
2025-12-16T20:49:42.266Z [ERROR]: Error creando ingrediente: DriverAdapterError: pool timeout: failed to retrieve a connection from pool after 10005ms
    (pool connections: active=0 idle=0 limit=5)
2025-12-16T20:54:01.449Z [INFO]: Conexión a la base de datos exitosa
2025-12-16T20:54:38.884Z [INFO]: POST /ingredientes - Datos recibidos: {"nombre":"Harina","costoUnitario":1200.75,"cantidadTotal":30}
2025-12-16T20:54:48.983Z [ERROR]: Error creando ingrediente: DriverAdapterError: pool timeout: failed to retrieve a connection from pool after 10014ms
    (pool connections: active=0 idle=0 limit=5)
2025-12-16T20:57:26.662Z [INFO]: Conexión a la base de datos exitosa
2025-12-16T20:57:30.376Z [INFO]: POST /ingredientes - Datos recibidos: {"nombre":"Harina","costoUnitario":1200.75,"cantidadTotal":30}
2025-12-16T20:57:30.377Z [INFO]: POST /ingredientes - Datos recibidos: {"nombre":"Harina","costoUnitario":1200.75,"cantidadTotal":30}
2025-12-16T20:57:40.482Z [ERROR]: Error creando ingrediente: DriverAdapterError: pool timeout: failed to retrieve a connection from pool after 10013ms
    (pool connections: active=0 idle=0 limit=5)
2025-12-16T20:57:40.485Z [INFO]: Ingrediente creado correctamente: undefined
2025-12-16T20:58:50.733Z [INFO]: Conexión a la base de datos exitosa
2025-12-16T20:59:10.740Z [INFO]: Conexión a la base de datos exitosa
2025-12-16T21:00:02.331Z [INFO]: Conexión a la base de datos exitosa
2025-12-16T21:00:05.066Z [INFO]: POST /ingredientes - Datos recibidos: {"nombre":"Harina","costoUnitario":1200.75,"cantidadTotal":30}
2025-12-16T21:00:15.208Z [ERROR]: Error creando ingrediente: pool timeout: failed to retrieve a connection from pool after 10001ms
    (pool connections: active=0 idle=0 limit=5)
2025-12-16T21:01:15.086Z [INFO]: Conexión a la base de datos exitosa
2025-12-16T21:01:19.093Z [INFO]: POST /ingredientes - Datos recibidos: {"nombre":"Harina","costoUnitario":1200.75,"cantidadTotal":30}
2025-12-16T21:01:29.187Z [ERROR]: Error creando ingrediente: pool timeout: failed to retrieve a connection from pool after 10002ms
    (pool connections: active=0 idle=0 limit=10)
2025-12-16T21:02:58.174Z [INFO]: Conexión a la base de datos exitosa
2025-12-16T21:04:11.752Z [INFO]: Conexión a la base de datos exitosa
2025-12-16T21:04:21.498Z [INFO]: Intentando crear ingrediente: {"nombre":"Harina","costoUnitario":1200.75,"cantidadTotal":30}
2025-12-16T21:04:31.593Z [ERROR]: Error creando ingrediente en Prisma: pool timeout: failed to retrieve a connection from pool after 10001ms
    (pool connections: active=0 idle=0 limit=10)
2025-12-16T21:07:42.355Z [INFO]: Conexión a la base de datos exitosa
2025-12-16T21:08:27.282Z [INFO]: Conexión a la base de datos exitosa
2025-12-16T21:08:53.000Z [INFO]: Conexión a la base de datos exitosa
2025-12-16T21:09:45.399Z [INFO]: Conexión a la base de datos exitosa
2025-12-16T21:13:25.988Z [INFO]: Conexión a la base de datos exitosa
2025-12-16T21:15:28.936Z [INFO]: Conexión a la base de datos exitosa
2025-12-16T21:15:31.584Z [INFO]: Intentando crear ingrediente: {"nombre":"Harina","costoUnitario":1200.75,"cantidadTotal":30}
2025-12-16T21:15:31.677Z [INFO]: Ingrediente creado correctamente: {"id":2,"nombre":"Harina","costoUnitario":"1200.75","cantidadTotal":30,"createdAt":"2025-12-16T21:15:31.617Z"}
2025-12-16T21:23:14.367Z [INFO]: Intentando crear ingrediente: {"nombre":"Leche","costoUnitario":1500,"cantidadTotal":20}
2025-12-16T21:23:14.374Z [INFO]: Ingrediente creado correctamente: {"id":3,"nombre":"Leche","costoUnitario":"1500","cantidadTotal":20,"createdAt":"2025-12-16T21:23:14.369Z"}
2025-12-16T21:32:06.805Z [INFO]: Intentando crear ingrediente: {"nombre":"Chocolate","costoUnitario":1800.5,"cantidadTotal":25}
2025-12-16T21:32:06.817Z [INFO]: Ingrediente creado correctamente: {"id":4,"nombre":"Chocolate","costoUnitario":"1800.5","cantidadTotal":25,"createdAt":"2025-12-16T21:32:06.807Z"}
2025-12-16T21:35:26.570Z [INFO]: Conexión a la base de datos exitosa
2025-12-16T21:37:29.853Z [INFO]: Conexión a la base de datos exitosa
2025-12-16T21:37:33.220Z [INFO]: Conexión a la base de datos exitosa
2025-12-16T21:39:32.460Z [INFO]: Conexión a la base de datos exitosa
2025-12-16T21:40:35.334Z [INFO]: Conexión a la base de datos exitosa
2025-12-16T21:40:38.641Z [INFO]: Conexión a la base de datos exitosa
2025-12-16T21:41:20.690Z [INFO]: Conexión a la base de datos exitosa
2025-12-16T21:41:27.368Z [INFO]: Conexión a la base de datos exitosa
2025-12-16T21:41:59.572Z [INFO]: Conexión a la base de datos exitosa
2025-12-16T21:42:54.046Z [INFO]: Conexión a la base de datos exitosa
2025-12-16T21:43:04.967Z [INFO]: Conexión a la base de datos exitosa
2025-12-16T21:43:11.204Z [INFO]: Conexión a la base de datos exitosa
2025-12-16T21:43:18.596Z [INFO]: Conexión a la base de datos exitosa
2025-12-16T21:43:23.446Z [INFO]: Conexión a la base de datos exitosa
2025-12-16T21:43:28.419Z [INFO]: Conexión a la base de datos exitosa
2025-12-16T21:43:31.117Z [INFO]: Conexión a la base de datos exitosa
2025-12-16T21:43:32.810Z [INFO]: Conexión a la base de datos exitosa
2025-12-16T21:43:49.241Z [INFO]: Conexión a la base de datos exitosa
2025-12-16T21:43:54.175Z [INFO]: Conexión a la base de datos exitosa
2025-12-16T21:43:57.709Z [INFO]: Conexión a la base de datos exitosa
2025-12-16T21:44:40.590Z [INFO]: Conexión a la base de datos exitosa
2025-12-17T00:03:01.241Z [INFO]: Conexión a la base de datos exitosa
